2018-02-25 12:45:28 INFO  Version:45 - HHH000412: Hibernate Core {5.2.10.Final}
2018-02-25 12:45:28 INFO  Environment:213 - HHH000206: hibernate.properties not found
2018-02-25 12:45:28 INFO  Version:66 - HCANN000001: Hibernate Commons Annotations {5.0.1.Final}
2018-02-25 12:45:29 INFO  ConnectionProviderInitiator:122 - HHH000130: Instantiating explicit connection provider: org.hibernate.hikaricp.internal.HikariCPConnectionProvider
2018-02-25 12:48:10 INFO  Version:45 - HHH000412: Hibernate Core {5.2.10.Final}
2018-02-25 12:48:10 INFO  Environment:213 - HHH000206: hibernate.properties not found
2018-02-25 12:48:10 INFO  Version:66 - HCANN000001: Hibernate Commons Annotations {5.0.1.Final}
2018-02-25 12:48:10 INFO  ConnectionProviderInitiator:122 - HHH000130: Instantiating explicit connection provider: org.hibernate.hikaricp.internal.HikariCPConnectionProvider
2018-02-25 12:48:11 INFO  Dialect:157 - HHH000400: Using dialect: org.hibernate.dialect.PostgreSQLDialect
2018-02-25 12:48:11 INFO  LobCreatorBuilderImpl:124 - HHH000424: Disabling contextual LOB creation as createClob() method threw error : java.lang.reflect.InvocationTargetException
2018-02-25 12:48:11 INFO  BasicTypeRegistry:148 - HHH000270: Type registration [java.util.UUID] overrides previous : org.hibernate.type.UUIDBinaryType@4a003cbe
2018-02-25 12:48:12 INFO  Version:27 - HV000001: Hibernate Validator 5.1.3.Final
2018-02-25 12:48:13 INFO  QueryTranslatorFactoryInitiator:47 - HHH000397: Using ASTQueryTranslatorFactory
2018-02-25 12:50:50 INFO  Version:45 - HHH000412: Hibernate Core {5.2.10.Final}
2018-02-25 12:50:50 INFO  Environment:213 - HHH000206: hibernate.properties not found
2018-02-25 12:50:51 INFO  Version:66 - HCANN000001: Hibernate Commons Annotations {5.0.1.Final}
2018-02-25 12:50:51 INFO  ConnectionProviderInitiator:122 - HHH000130: Instantiating explicit connection provider: org.hibernate.hikaricp.internal.HikariCPConnectionProvider
2018-02-25 12:50:51 INFO  Dialect:157 - HHH000400: Using dialect: org.hibernate.dialect.PostgreSQLDialect
2018-02-25 12:50:51 INFO  LobCreatorBuilderImpl:124 - HHH000424: Disabling contextual LOB creation as createClob() method threw error : java.lang.reflect.InvocationTargetException
2018-02-25 12:50:51 INFO  BasicTypeRegistry:148 - HHH000270: Type registration [java.util.UUID] overrides previous : org.hibernate.type.UUIDBinaryType@4a003cbe
2018-02-25 12:50:52 INFO  Version:27 - HV000001: Hibernate Validator 5.1.3.Final
2018-02-25 12:50:52 INFO  QueryTranslatorFactoryInitiator:47 - HHH000397: Using ASTQueryTranslatorFactory
2018-02-25 12:54:01 INFO  Version:45 - HHH000412: Hibernate Core {5.2.10.Final}
2018-02-25 12:54:01 INFO  Environment:213 - HHH000206: hibernate.properties not found
2018-02-25 12:54:01 INFO  Version:66 - HCANN000001: Hibernate Commons Annotations {5.0.1.Final}
2018-02-25 12:54:01 INFO  ConnectionProviderInitiator:122 - HHH000130: Instantiating explicit connection provider: org.hibernate.hikaricp.internal.HikariCPConnectionProvider
2018-02-25 12:54:02 INFO  Dialect:157 - HHH000400: Using dialect: org.hibernate.dialect.PostgreSQLDialect
2018-02-25 12:54:02 INFO  LobCreatorBuilderImpl:124 - HHH000424: Disabling contextual LOB creation as createClob() method threw error : java.lang.reflect.InvocationTargetException
2018-02-25 12:54:02 INFO  BasicTypeRegistry:148 - HHH000270: Type registration [java.util.UUID] overrides previous : org.hibernate.type.UUIDBinaryType@4a003cbe
2018-02-25 12:54:02 INFO  Version:27 - HV000001: Hibernate Validator 5.1.3.Final
2018-02-25 12:54:03 INFO  QueryTranslatorFactoryInitiator:47 - HHH000397: Using ASTQueryTranslatorFactory
2018-02-25 13:00:07 INFO  Version:45 - HHH000412: Hibernate Core {5.2.10.Final}
2018-02-25 13:00:07 INFO  Environment:213 - HHH000206: hibernate.properties not found
2018-02-25 13:00:07 INFO  Version:66 - HCANN000001: Hibernate Commons Annotations {5.0.1.Final}
2018-02-25 13:00:07 INFO  ConnectionProviderInitiator:122 - HHH000130: Instantiating explicit connection provider: org.hibernate.hikaricp.internal.HikariCPConnectionProvider
2018-02-25 13:00:07 INFO  Dialect:157 - HHH000400: Using dialect: org.hibernate.dialect.PostgreSQLDialect
2018-02-25 13:00:07 INFO  LobCreatorBuilderImpl:124 - HHH000424: Disabling contextual LOB creation as createClob() method threw error : java.lang.reflect.InvocationTargetException
2018-02-25 13:00:07 INFO  BasicTypeRegistry:148 - HHH000270: Type registration [java.util.UUID] overrides previous : org.hibernate.type.UUIDBinaryType@4a003cbe
2018-02-25 13:00:08 INFO  Version:27 - HV000001: Hibernate Validator 5.1.3.Final
2018-02-25 13:00:08 INFO  QueryTranslatorFactoryInitiator:47 - HHH000397: Using ASTQueryTranslatorFactory
2018-02-25 13:04:39 INFO  Version:45 - HHH000412: Hibernate Core {5.2.10.Final}
2018-02-25 13:04:39 INFO  Environment:213 - HHH000206: hibernate.properties not found
2018-02-25 13:04:40 INFO  Version:66 - HCANN000001: Hibernate Commons Annotations {5.0.1.Final}
2018-02-25 13:04:40 INFO  ConnectionProviderInitiator:122 - HHH000130: Instantiating explicit connection provider: org.hibernate.hikaricp.internal.HikariCPConnectionProvider
2018-02-25 13:04:40 INFO  Dialect:157 - HHH000400: Using dialect: org.hibernate.dialect.PostgreSQLDialect
2018-02-25 13:04:40 INFO  LobCreatorBuilderImpl:124 - HHH000424: Disabling contextual LOB creation as createClob() method threw error : java.lang.reflect.InvocationTargetException
2018-02-25 13:04:40 INFO  BasicTypeRegistry:148 - HHH000270: Type registration [java.util.UUID] overrides previous : org.hibernate.type.UUIDBinaryType@4de025bf
2018-02-25 13:04:41 INFO  Version:27 - HV000001: Hibernate Validator 5.1.3.Final
2018-02-25 13:04:41 INFO  QueryTranslatorFactoryInitiator:47 - HHH000397: Using ASTQueryTranslatorFactory
2018-02-25 13:06:41 INFO  Version:45 - HHH000412: Hibernate Core {5.2.10.Final}
2018-02-25 13:06:41 INFO  Environment:213 - HHH000206: hibernate.properties not found
2018-02-25 13:06:41 INFO  Version:66 - HCANN000001: Hibernate Commons Annotations {5.0.1.Final}
2018-02-25 13:06:41 INFO  ConnectionProviderInitiator:122 - HHH000130: Instantiating explicit connection provider: org.hibernate.hikaricp.internal.HikariCPConnectionProvider
2018-02-25 13:06:41 INFO  Dialect:157 - HHH000400: Using dialect: org.hibernate.dialect.PostgreSQLDialect
2018-02-25 13:06:41 INFO  LobCreatorBuilderImpl:124 - HHH000424: Disabling contextual LOB creation as createClob() method threw error : java.lang.reflect.InvocationTargetException
2018-02-25 13:06:41 INFO  BasicTypeRegistry:148 - HHH000270: Type registration [java.util.UUID] overrides previous : org.hibernate.type.UUIDBinaryType@4a003cbe
2018-02-25 13:06:42 INFO  Version:27 - HV000001: Hibernate Validator 5.1.3.Final
2018-02-25 13:06:42 INFO  QueryTranslatorFactoryInitiator:47 - HHH000397: Using ASTQueryTranslatorFactory
2018-02-25 13:09:14 INFO  Version:45 - HHH000412: Hibernate Core {5.2.10.Final}
2018-02-25 13:09:14 INFO  Environment:213 - HHH000206: hibernate.properties not found
2018-02-25 13:09:15 INFO  Version:66 - HCANN000001: Hibernate Commons Annotations {5.0.1.Final}
2018-02-25 13:09:15 INFO  ConnectionProviderInitiator:122 - HHH000130: Instantiating explicit connection provider: org.hibernate.hikaricp.internal.HikariCPConnectionProvider
2018-02-25 13:09:15 INFO  Dialect:157 - HHH000400: Using dialect: org.hibernate.dialect.PostgreSQLDialect
2018-02-25 13:09:15 INFO  LobCreatorBuilderImpl:124 - HHH000424: Disabling contextual LOB creation as createClob() method threw error : java.lang.reflect.InvocationTargetException
2018-02-25 13:09:15 INFO  BasicTypeRegistry:148 - HHH000270: Type registration [java.util.UUID] overrides previous : org.hibernate.type.UUIDBinaryType@4de025bf
2018-02-25 13:09:16 INFO  Version:27 - HV000001: Hibernate Validator 5.1.3.Final
2018-02-25 13:09:16 INFO  QueryTranslatorFactoryInitiator:47 - HHH000397: Using ASTQueryTranslatorFactory
2018-02-25 13:12:45 INFO  Version:45 - HHH000412: Hibernate Core {5.2.10.Final}
2018-02-25 13:12:45 INFO  Environment:213 - HHH000206: hibernate.properties not found
2018-02-25 13:12:45 INFO  Version:66 - HCANN000001: Hibernate Commons Annotations {5.0.1.Final}
2018-02-25 13:12:45 INFO  ConnectionProviderInitiator:122 - HHH000130: Instantiating explicit connection provider: org.hibernate.hikaricp.internal.HikariCPConnectionProvider
2018-02-25 13:12:45 INFO  Dialect:157 - HHH000400: Using dialect: org.hibernate.dialect.PostgreSQLDialect
2018-02-25 13:12:45 INFO  LobCreatorBuilderImpl:124 - HHH000424: Disabling contextual LOB creation as createClob() method threw error : java.lang.reflect.InvocationTargetException
2018-02-25 13:12:45 INFO  BasicTypeRegistry:148 - HHH000270: Type registration [java.util.UUID] overrides previous : org.hibernate.type.UUIDBinaryType@4a003cbe
2018-02-25 13:12:46 INFO  Version:27 - HV000001: Hibernate Validator 5.1.3.Final
2018-02-25 13:12:46 INFO  QueryTranslatorFactoryInitiator:47 - HHH000397: Using ASTQueryTranslatorFactory
2018-02-25 13:15:26 INFO  Version:45 - HHH000412: Hibernate Core {5.2.10.Final}
2018-02-25 13:15:26 INFO  Environment:213 - HHH000206: hibernate.properties not found
2018-02-25 13:15:26 INFO  Version:66 - HCANN000001: Hibernate Commons Annotations {5.0.1.Final}
2018-02-25 13:15:27 INFO  ConnectionProviderInitiator:122 - HHH000130: Instantiating explicit connection provider: org.hibernate.hikaricp.internal.HikariCPConnectionProvider
2018-02-25 13:15:27 INFO  Dialect:157 - HHH000400: Using dialect: org.hibernate.dialect.PostgreSQLDialect
2018-02-25 13:15:27 INFO  LobCreatorBuilderImpl:124 - HHH000424: Disabling contextual LOB creation as createClob() method threw error : java.lang.reflect.InvocationTargetException
2018-02-25 13:15:27 INFO  BasicTypeRegistry:148 - HHH000270: Type registration [java.util.UUID] overrides previous : org.hibernate.type.UUIDBinaryType@4a003cbe
2018-02-25 13:15:27 INFO  Version:27 - HV000001: Hibernate Validator 5.1.3.Final
2018-02-25 13:15:28 INFO  QueryTranslatorFactoryInitiator:47 - HHH000397: Using ASTQueryTranslatorFactory
2018-02-25 13:49:31 INFO  Version:45 - HHH000412: Hibernate Core {5.2.10.Final}
2018-02-25 13:49:31 INFO  Environment:213 - HHH000206: hibernate.properties not found
2018-02-25 13:49:31 INFO  Version:66 - HCANN000001: Hibernate Commons Annotations {5.0.1.Final}
2018-02-25 13:49:31 INFO  ConnectionProviderInitiator:122 - HHH000130: Instantiating explicit connection provider: org.hibernate.hikaricp.internal.HikariCPConnectionProvider
2018-02-25 13:49:31 INFO  Dialect:157 - HHH000400: Using dialect: org.hibernate.dialect.PostgreSQLDialect
2018-02-25 13:49:31 INFO  LobCreatorBuilderImpl:124 - HHH000424: Disabling contextual LOB creation as createClob() method threw error : java.lang.reflect.InvocationTargetException
2018-02-25 13:49:31 INFO  BasicTypeRegistry:148 - HHH000270: Type registration [java.util.UUID] overrides previous : org.hibernate.type.UUIDBinaryType@4a003cbe
2018-02-25 13:49:32 INFO  Version:27 - HV000001: Hibernate Validator 5.1.3.Final
2018-02-25 13:49:32 INFO  QueryTranslatorFactoryInitiator:47 - HHH000397: Using ASTQueryTranslatorFactory
2018-02-25 18:56:41 INFO  Version:45 - HHH000412: Hibernate Core {5.2.10.Final}
2018-02-25 18:56:41 INFO  Environment:213 - HHH000206: hibernate.properties not found
2018-02-25 18:56:41 INFO  Version:66 - HCANN000001: Hibernate Commons Annotations {5.0.1.Final}
2018-02-25 18:56:41 INFO  ConnectionProviderInitiator:122 - HHH000130: Instantiating explicit connection provider: org.hibernate.hikaricp.internal.HikariCPConnectionProvider
2018-02-25 18:56:42 INFO  Dialect:157 - HHH000400: Using dialect: org.hibernate.dialect.PostgreSQLDialect
2018-02-25 18:56:42 INFO  LobCreatorBuilderImpl:124 - HHH000424: Disabling contextual LOB creation as createClob() method threw error : java.lang.reflect.InvocationTargetException
2018-02-25 18:56:42 INFO  BasicTypeRegistry:148 - HHH000270: Type registration [java.util.UUID] overrides previous : org.hibernate.type.UUIDBinaryType@4a003cbe
2018-02-25 18:56:42 INFO  Version:27 - HV000001: Hibernate Validator 5.1.3.Final
2018-02-25 18:56:43 INFO  QueryTranslatorFactoryInitiator:47 - HHH000397: Using ASTQueryTranslatorFactory
2018-02-25 18:56:43 WARN  SqlExceptionHelper:129 - SQL Error: 0, SQLState: 23505
2018-02-25 18:56:43 ERROR SqlExceptionHelper:131 - ERROR: duplicate key value violates unique constraint "t_directory_pkey"
  Detail: Key (id)=(11) already exists.
2018-02-25 18:56:43 WARN  SqlExceptionHelper:129 - SQL Error: 0, SQLState: 23505
2018-02-25 18:56:43 ERROR SqlExceptionHelper:131 - ERROR: duplicate key value violates unique constraint "t_directory_pkey"
  Detail: Key (id)=(12) already exists.
2018-02-25 19:14:40 INFO  Version:45 - HHH000412: Hibernate Core {5.2.10.Final}
2018-02-25 19:14:40 INFO  Environment:213 - HHH000206: hibernate.properties not found
2018-02-25 19:14:40 INFO  Version:66 - HCANN000001: Hibernate Commons Annotations {5.0.1.Final}
2018-02-25 19:14:40 INFO  ConnectionProviderInitiator:122 - HHH000130: Instantiating explicit connection provider: org.hibernate.hikaricp.internal.HikariCPConnectionProvider
2018-02-25 19:14:40 INFO  Dialect:157 - HHH000400: Using dialect: org.hibernate.dialect.PostgreSQLDialect
2018-02-25 19:14:40 INFO  LobCreatorBuilderImpl:124 - HHH000424: Disabling contextual LOB creation as createClob() method threw error : java.lang.reflect.InvocationTargetException
2018-02-25 19:14:40 INFO  BasicTypeRegistry:148 - HHH000270: Type registration [java.util.UUID] overrides previous : org.hibernate.type.UUIDBinaryType@4a003cbe
2018-02-25 19:14:41 INFO  Version:27 - HV000001: Hibernate Validator 5.1.3.Final
2018-02-25 19:14:41 INFO  QueryTranslatorFactoryInitiator:47 - HHH000397: Using ASTQueryTranslatorFactory
2018-02-25 19:26:33 INFO  Version:45 - HHH000412: Hibernate Core {5.2.10.Final}
2018-02-25 19:26:33 INFO  Environment:213 - HHH000206: hibernate.properties not found
2018-02-25 19:26:34 INFO  Version:66 - HCANN000001: Hibernate Commons Annotations {5.0.1.Final}
2018-02-25 19:26:34 INFO  ConnectionProviderInitiator:122 - HHH000130: Instantiating explicit connection provider: org.hibernate.hikaricp.internal.HikariCPConnectionProvider
2018-02-25 19:26:34 INFO  Dialect:157 - HHH000400: Using dialect: org.hibernate.dialect.PostgreSQLDialect
2018-02-25 19:26:34 INFO  LobCreatorBuilderImpl:124 - HHH000424: Disabling contextual LOB creation as createClob() method threw error : java.lang.reflect.InvocationTargetException
2018-02-25 19:26:34 INFO  BasicTypeRegistry:148 - HHH000270: Type registration [java.util.UUID] overrides previous : org.hibernate.type.UUIDBinaryType@4a003cbe
2018-02-25 19:26:35 INFO  Version:27 - HV000001: Hibernate Validator 5.1.3.Final
2018-02-25 19:26:35 INFO  QueryTranslatorFactoryInitiator:47 - HHH000397: Using ASTQueryTranslatorFactory
2018-02-25 19:26:35 WARN  SqlExceptionHelper:129 - SQL Error: 0, SQLState: 23505
2018-02-25 19:26:35 ERROR SqlExceptionHelper:131 - ERROR: duplicate key value violates unique constraint "category_directory_unique"
  Detail: Key (category_id, name)=(6, ObrázkyDirInVeverkyDAO) already exists.
